2024-10-27 16:09:48,437 - INFO - WebDriver initialized successfully.
2024-10-27 16:09:48,438 - INFO - Loading URL: https://www.tradingview.com/chart/?symbol=OANDA%3AEURUSD
2024-10-27 16:09:51,472 - INFO - URL loaded successfully: https://www.tradingview.com/chart/?symbol=OANDA%3AEURUSD
2024-10-27 16:09:51,472 - INFO - Setting timeframe: 1H
2024-10-27 16:09:54,545 - INFO - Timeframe set to 1H
2024-10-27 16:09:54,545 - INFO - Clicking on the watchlist icon.
2024-10-27 16:09:54,853 - INFO - Watchlist icon clicked.
2024-10-27 16:09:55,980 - INFO - Loading URL: https://www.tradingview.com/chart/?symbol=TVC%3ADXY
2024-10-27 16:09:56,736 - INFO - URL loaded successfully: https://www.tradingview.com/chart/?symbol=TVC%3ADXY
2024-10-27 16:09:56,736 - INFO - Setting timeframe: 1H
2024-10-27 16:09:59,773 - INFO - Timeframe set to 1H
2024-10-27 16:09:59,773 - INFO - Clicking on the watchlist icon.
2024-10-27 16:10:00,067 - INFO - Watchlist icon clicked.
2024-10-27 16:12:22,352 - INFO - WebDriver initialized successfully.
2024-10-27 16:12:22,352 - INFO - Loading URL: https://www.tradingview.com/chart/?symbol=OANDA%3AEURUSD
2024-10-27 16:12:24,830 - INFO - URL loaded successfully: https://www.tradingview.com/chart/?symbol=OANDA%3AEURUSD
2024-10-27 16:12:24,830 - INFO - Setting timeframe: 1H
2024-10-27 16:12:27,908 - INFO - Timeframe set to 1H
2024-10-27 16:12:27,908 - INFO - Clicking on the watchlist icon.
2024-10-27 16:12:28,219 - INFO - Watchlist icon clicked.
2024-10-27 16:12:29,319 - INFO - Loading URL: https://www.tradingview.com/chart/?symbol=TVC%3ADXY
2024-10-27 16:12:30,441 - INFO - URL loaded successfully: https://www.tradingview.com/chart/?symbol=TVC%3ADXY
2024-10-27 16:12:30,441 - INFO - Setting timeframe: 1H
2024-10-27 16:12:33,640 - INFO - Timeframe set to 1H
2024-10-27 16:13:11,529 - INFO - WebDriver initialized successfully.
2024-10-27 16:13:11,530 - INFO - Loading URL: https://www.tradingview.com/chart/?symbol=OANDA%3AEURUSD
2024-10-27 16:13:12,748 - INFO - URL loaded successfully: https://www.tradingview.com/chart/?symbol=OANDA%3AEURUSD
2024-10-27 16:13:12,748 - INFO - Setting timeframe: 1W
2024-10-27 16:13:15,786 - INFO - Timeframe set to 1W
2024-10-27 16:13:15,786 - INFO - Clicking on the watchlist icon.
2024-10-27 16:13:16,093 - INFO - Watchlist icon clicked.
2024-10-27 16:13:17,189 - INFO - Loading URL: https://www.tradingview.com/chart/?symbol=TVC%3ADXY
2024-10-27 16:13:17,594 - INFO - URL loaded successfully: https://www.tradingview.com/chart/?symbol=TVC%3ADXY
2024-10-27 16:13:17,594 - INFO - Setting timeframe: 1W
2024-10-27 16:13:20,619 - INFO - Timeframe set to 1W
2024-10-27 16:14:40,026 - INFO - WebDriver initialized successfully.
2024-10-27 16:14:40,027 - INFO - Loading URL: https://www.tradingview.com/chart/?symbol=OANDA%3AEURUSD
2024-10-27 16:14:43,216 - INFO - URL loaded successfully: https://www.tradingview.com/chart/?symbol=OANDA%3AEURUSD
2024-10-27 16:14:43,217 - INFO - Setting timeframe: 1H
2024-10-27 16:14:46,323 - INFO - Timeframe set to 1H
2024-10-27 16:14:46,323 - INFO - Clicking on the watchlist icon.
2024-10-27 16:14:46,634 - INFO - Watchlist icon clicked.
2024-10-27 16:14:47,752 - INFO - Loading URL: https://www.tradingview.com/chart/?symbol=TVC%3ADXY
2024-10-27 16:14:48,467 - INFO - URL loaded successfully: https://www.tradingview.com/chart/?symbol=TVC%3ADXY
2024-10-27 16:14:48,467 - INFO - Setting timeframe: 1H
2024-10-27 16:14:51,491 - INFO - Timeframe set to 1H
2024-10-27 16:15:16,510 - INFO - WebDriver initialized successfully.
2024-10-27 16:15:16,510 - INFO - Loading URL: https://www.tradingview.com/chart/?symbol=OANDA%3AEURUSD
2024-10-27 16:15:19,248 - INFO - URL loaded successfully: https://www.tradingview.com/chart/?symbol=OANDA%3AEURUSD
2024-10-27 16:15:19,248 - INFO - Setting timeframe: 4H
2024-10-27 16:15:22,318 - INFO - Timeframe set to 4H
2024-10-27 16:15:22,319 - INFO - Clicking on the watchlist icon.
2024-10-27 16:15:22,670 - INFO - Watchlist icon clicked.
2024-10-27 16:15:23,801 - INFO - Loading URL: https://www.tradingview.com/chart/?symbol=TVC%3ADXY
2024-10-27 16:15:24,172 - INFO - URL loaded successfully: https://www.tradingview.com/chart/?symbol=TVC%3ADXY
2024-10-27 16:15:24,172 - INFO - Setting timeframe: 4H
2024-10-27 16:15:27,195 - INFO - Timeframe set to 4H
2024-10-27 16:17:28,408 - INFO - WebDriver initialized successfully.
2024-10-27 16:17:43,216 - INFO - WebDriver initialized successfully.
2024-10-27 16:18:36,525 - INFO - Loading URL: https://www.tradingview.com/chart/?symbol=OANDA%3AEURUSD
2024-10-27 16:18:39,142 - INFO - URL loaded successfully: https://www.tradingview.com/chart/?symbol=OANDA%3AEURUSD
2024-10-27 16:19:07,579 - INFO - Clicking on the watchlist icon.
2024-10-27 16:19:07,898 - INFO - Watchlist icon clicked.
2024-10-27 16:31:39,578 - INFO - WebDriver initialized successfully.
2024-10-27 16:31:42,924 - INFO - Loading URL: https://www.tradingview.com/chart/?symbol=OANDA%3AEURUSD
2024-10-27 16:31:46,321 - INFO - URL loaded successfully: https://www.tradingview.com/chart/?symbol=OANDA%3AEURUSD
2024-10-27 16:31:46,327 - INFO - Clicking on the watchlist icon.
2024-10-27 16:31:46,678 - INFO - Watchlist icon clicked.
2024-10-27 16:35:20,209 - INFO - WebDriver initialized successfully.
2024-10-27 16:35:25,859 - INFO - Loading URL: https://www.tradingview.com/chart/?symbol=OANDA%3AEURUSD
2024-10-27 16:35:28,567 - INFO - URL loaded successfully: https://www.tradingview.com/chart/?symbol=OANDA%3AEURUSD
2024-10-27 16:35:29,196 - INFO - Clicking on the watchlist icon.
2024-10-27 16:35:29,513 - INFO - Watchlist icon clicked.
